0 info it worked if it ends with ok
1 verbose cli [ '/Users/arjen.de.vries/.nvm/versions/node/v5.0.0/bin/node',
1 verbose cli   '/Users/arjen.de.vries/.nvm/versions/node/v5.0.0/bin/npm',
1 verbose cli   'run',
1 verbose cli   'test' ]
2 info using npm@3.10.2
3 info using node@v5.0.0
4 verbose run-script [ 'pretest', 'test', 'posttest' ]
5 info lifecycle twig@1.10.5~pretest: twig@1.10.5
6 silly lifecycle twig@1.10.5~pretest: no script for pretest, continuing
7 info lifecycle twig@1.10.5~test: twig@1.10.5
8 verbose lifecycle twig@1.10.5~test: unsafe-perm in lifecycle true
9 verbose lifecycle twig@1.10.5~test: PATH: /Users/arjen.de.vries/.nvm/versions/node/v5.0.0/lib/node_modules/npm/bin/node-gyp-bin:/Users/arjen.de.vries/webroot/twig.js/node_modules/.bin:/Users/arjen.de.vries/.nvm/versions/node/v5.0.0/bin:/Users/arjen.de.vries/.nvm/versions/node/v5.0.0/bin:/usr/local/bin:/usr/bin:/bin:/usr/sbin:/sbin:~/.composer/vendor/bin:/Users/arjen.de.vries/Library/Android/sdk/tools
10 verbose lifecycle twig@1.10.5~test: CWD: /Users/arjen.de.vries/webroot/twig.js
11 silly lifecycle twig@1.10.5~test: Args: [ '-c', 'npm run build && mocha -r should' ]
12 silly lifecycle twig@1.10.5~test: Returned: code: 2  signal: null
13 info lifecycle twig@1.10.5~test: Failed to exec test script
14 verbose stack Error: twig@1.10.5 test: `npm run build && mocha -r should`
14 verbose stack Exit status 2
14 verbose stack     at EventEmitter.<anonymous> (/Users/arjen.de.vries/.nvm/versions/node/v5.0.0/lib/node_modules/npm/lib/utils/lifecycle.js:242:16)
14 verbose stack     at emitTwo (events.js:87:13)
14 verbose stack     at EventEmitter.emit (events.js:172:7)
14 verbose stack     at ChildProcess.<anonymous> (/Users/arjen.de.vries/.nvm/versions/node/v5.0.0/lib/node_modules/npm/lib/utils/spawn.js:40:14)
14 verbose stack     at emitTwo (events.js:87:13)
14 verbose stack     at ChildProcess.emit (events.js:172:7)
14 verbose stack     at maybeClose (internal/child_process.js:818:16)
14 verbose stack     at Process.ChildProcess._handle.onexit (internal/child_process.js:211:5)
15 verbose pkgid twig@1.10.5
16 verbose cwd /Users/arjen.de.vries/webroot/twig.js
17 error Darwin 16.7.0
18 error argv "/Users/arjen.de.vries/.nvm/versions/node/v5.0.0/bin/node" "/Users/arjen.de.vries/.nvm/versions/node/v5.0.0/bin/npm" "run" "test"
19 error node v5.0.0
20 error npm  v3.10.2
21 error code ELIFECYCLE
22 error twig@1.10.5 test: `npm run build && mocha -r should`
22 error Exit status 2
23 error Failed at the twig@1.10.5 test script 'npm run build && mocha -r should'.
23 error Make sure you have the latest version of node.js and npm installed.
23 error If you do, this is most likely a problem with the twig package,
23 error not with npm itself.
23 error Tell the author that this fails on your system:
23 error     npm run build && mocha -r should
23 error You can get information on how to open an issue for this project with:
23 error     npm bugs twig
23 error Or if that isn't available, you can get their info via:
23 error     npm owner ls twig
23 error There is likely additional logging output above.
24 verbose exit [ 1, true ]
